<?xml version="1.0" encoding="UTF-8"?>
<testsuite name="uiautomation.RunCucumberTest" time="14.042" tests="7" errors="0" skipped="6" failures="0">
  <properties>
[...]
</properties>
  <testcase name="Given Customer opens the automation practice page and clicks on sign in" classname="Scenario: Registration without error" time="0">
    <skipped/>
    <system-out><![CDATA[Inside Config browser
Chrome
src\config\chromedriver\chromedriver.exe
D:\Practice\src\config\chromedriver\chromedriver.exe
D:\Practice\src\config\geckodriver\geckodriver.exe
Firefox
Second Execution
Test
]]></system-out>
    <system-err><![CDATA[1525254072678	geckodriver	INFO	Listening on 127.0.0.1:26946
May 02, 2018 7:41:13 PM org.openqa.selenium.remote.ProtocolHandshake createSession
INFO: Attempting bi-dialect session, assuming Postel's Law holds true on the remote end
log4j:WARN No appenders could be found for logger (org.apache.http.client.protocol.RequestAddCookies).
log4j:WARN Please initialize the log4j system properly.
log4j:WARN See http://logging.apache.org/log4j/1.2/faq.html#noconfig for more info.
1525254073206	mozprofile::profile	INFO	Using profile path C:\Users\d869502\AppData\Local\Temp\rust_mozprofile.CCzSr9vOrEv5
1525254073216	geckodriver::marionette	INFO	Starting browser C:\Program Files\Mozilla Firefox\firefox.exe
1525254073306	geckodriver::marionette	INFO	Connecting to Marionette on localhost:50646
1525254074364	Marionette	INFO	Enabled via --marionette
1525254077816	Marionette	INFO	Listening on port 50646
May 02, 2018 7:41:18 PM org.openqa.selenium.remote.ProtocolHandshake createSession
INFO: Detected dialect: W3C
]]></system-err>
  </testcase>
  <testcase name="And Customer enters email address and clicks on create account" classname="Scenario: Registration without error" time="0">
    <skipped/>
  </testcase>
  <testcase name="Then Customer should be directed to the account creation page" classname="Scenario: Registration without error" time="0">
    <skipped/>
  </testcase>
  <testcase name="When Customer Enters all the mandatory details in the page and clicks Register" classname="Scenario: Registration without error" time="0">
    <skipped/>
  </testcase>
  <testcase name="Then Customer should get signed in and should be directed to the home page" classname="Scenario: Registration without error" time="0">
    <skipped/>
  </testcase>
  <testcase name="Scenario: Registration without error" classname="Scenario: Registration without error" time="0">
    <skipped/>
  </testcase>
  <testcase name="Scenario: Registration without error" classname="Scenario: Registration without error" time="14.042"/>
</testsuite>